<?xml version="1.0" encoding="UTF-8"?>
<!-- Generated by org.testng.reporters.JUnitReportReporter -->
<testsuite hostname="LAPTOP-E9K3KF14" name="testRunners.TestRunner" tests="2" failures="0" timestamp="7 May 2020 19:46:47 GMT" time="4.970" errors="0">
  <testcase name="feature" time="0.776" classname="testRunners.TestRunner"/>
  <testcase name="feature" time="4.194" classname="testRunners.TestRunner"/>
</testsuite> <!-- testRunners.TestRunner -->
